This is e-pTeX, Version 3.1415926-p3.2-110415-2.3 (sjis) (Web2C 2011) (format=platex 2012.5.18)  3 AUG 2012 15:21
entering extended mode
 restricted \write18 enabled.
 %&-line parsing enabled.
**cluster_algebra_rank2.tex
(./cluster_algebra_rank2.tex
pLaTeX2e <2006/11/10> (based on LaTeX2e <2011/06/27> patch level 0)
Babel <v3.8m> and hyphenation patterns for english, dumylang, nohyphenation, ge
rman-x-2011-07-01, ngerman-x-2011-07-01, afrikaans, ancientgreek, ibycus, arabi
c, armenian, basque, bulgarian, catalan, pinyin, coptic, croatian, czech, danis
h, dutch, ukenglish, usenglishmax, esperanto, estonian, ethiopic, farsi, finnis
h, french, friulan, galician, german, ngerman, swissgerman, monogreek, greek, h
ungarian, icelandic, assamese, bengali, gujarati, hindi, kannada, malayalam, ma
rathi, oriya, panjabi, tamil, telugu, indonesian, interlingua, irish, italian, 
kurmanji, lao, latin, latvian, lithuanian, mongolian, mongolianlmc, bokmal, nyn
orsk, polish, portuguese, romanian, romansh, russian, sanskrit, serbian, serbia
nc, slovak, slovenian, spanish, swedish, turkish, turkmen, ukrainian, uppersorb
ian, welsh, loaded.
(c:/texlive/2011/texmf-dist/tex/platex/base/jarticle.cls
Document Class: jarticle 2006/06/27 v1.6 Standard pLaTeX class
\c@@paper=\count81
(c:/texlive/2011/texmf-dist/tex/platex/base/jsize12.clo
File: jsize12.clo 2006/06/27 v1.6 Standard pLaTeX file (size option)
)
\c@part=\count82
\c@section=\count83
\c@subsection=\count84
\c@subsubsection=\count85
\c@paragraph=\count86
\c@subparagraph=\count87
\c@figure=\count88
\c@table=\count89
\abovecaptionskip=\skip41
\belowcaptionskip=\skip42
\symmincho=\mathgroup4
LaTeX Font Info:    Overwriting symbol font `mincho' in version `bold'
(Font)                  JY1/mc/m/n --> JY1/gt/m/n on input line 601.
\toclineskip=\dimen118
\@lnumwidth=\dimen119
\bibindent=\dimen120
\heisei=\count90
)
(c:/texlive/2011/texmf-dist/tex/latex/amsmath/amsmath.sty
Package: amsmath 2000/07/18 v2.13 AMS math features
\@mathmargin=\skip43

For additional information on amsmath, use the `?' option.
(c:/texlive/2011/texmf-dist/tex/latex/amsmath/amstext.sty
Package: amstext 2000/06/29 v2.01

(c:/texlive/2011/texmf-dist/tex/latex/amsmath/amsgen.sty
File: amsgen.sty 1999/11/30 v2.0
\@emptytoks=\toks15
\ex@=\dimen121
))
(c:/texlive/2011/texmf-dist/tex/latex/amsmath/amsbsy.sty
Package: amsbsy 1999/11/29 v1.2d
\pmbraise@=\dimen122
)
(c:/texlive/2011/texmf-dist/tex/latex/amsmath/amsopn.sty
Package: amsopn 1999/12/14 v2.01 operator names
)
\inf@bad=\count91
LaTeX Info: Redefining \frac on input line 211.
\uproot@=\count92
\leftroot@=\count93
LaTeX Info: Redefining \overline on input line 307.
\classnum@=\count94
\DOTSCASE@=\count95
LaTeX Info: Redefining \ldots on input line 379.
LaTeX Info: Redefining \dots on input line 382.
LaTeX Info: Redefining \cdots on input line 467.
\Mathstrutbox@=\box41
\strutbox@=\box42
\big@size=\dimen123
LaTeX Font Info:    Redeclaring font encoding OML on input line 567.
LaTeX Font Info:    Redeclaring font encoding OMS on input line 568.
\macc@depth=\count96
\c@MaxMatrixCols=\count97
\dotsspace@=\muskip10
\c@parentequation=\count98
\dspbrk@lvl=\count99
\tag@help=\toks16
\row@=\count100
\column@=\count101
\maxfields@=\count102
\andhelp@=\toks17
\eqnshift@=\dimen124
\alignsep@=\dimen125
\tagshift@=\dimen126
\tagwidth@=\dimen127
\totwidth@=\dimen128
\lineht@=\dimen129
\@envbody=\toks18
\multlinegap=\skip44
\multlinetaggap=\skip45
\mathdisplay@stack=\toks19
LaTeX Info: Redefining \[ on input line 2666.
LaTeX Info: Redefining \] on input line 2667.
)
(c:/texlive/2011/texmf-dist/tex/latex/amsfonts/amssymb.sty
Package: amssymb 2009/06/22 v3.00

(c:/texlive/2011/texmf-dist/tex/latex/amsfonts/amsfonts.sty
Package: amsfonts 2009/06/22 v3.00 Basic AMSFonts support
\symAMSa=\mathgroup5
\symAMSb=\mathgroup6
LaTeX Font Info:    Overwriting math alphabet `\mathfrak' in version `bold'
(Font)                  U/euf/m/n --> U/euf/b/n on input line 96.
))
(c:/texlive/2011/texmf-dist/tex/latex/amscls/amsthm.sty
Package: amsthm 2009/07/02 v2.20.1
\thm@style=\toks20
\thm@bodyfont=\toks21
\thm@headfont=\toks22
\thm@notefont=\toks23
\thm@headpunct=\toks24
\thm@preskip=\skip46
\thm@postskip=\skip47
\thm@headsep=\skip48
\dth@everypar=\toks25
)
(c:/texlive/2011/texmf-dist/tex/latex/amsmath/amscd.sty
Package: amscd 1999/11/29 v1.2d
\athelp@=\toks26
\minaw@=\dimen130
\bigaw@=\dimen131
\minCDarrowwidth=\dimen132
)
\c@theorem=\count103

(./cluster_algebra_rank2.aux)
\openout1 = `cluster_algebra_rank2.aux'.

LaTeX Font Info:    Checking defaults for OML/cmm/m/it on input line 131.
LaTeX Font Info:    ... okay on input line 131.
LaTeX Font Info:    Checking defaults for T1/cmr/m/n on input line 131.
LaTeX Font Info:    ... okay on input line 131.
LaTeX Font Info:    Checking defaults for OT1/cmr/m/n on input line 131.
LaTeX Font Info:    ... okay on input line 131.
LaTeX Font Info:    Checking defaults for OMS/cmsy/m/n on input line 131.
LaTeX Font Info:    ... okay on input line 131.
LaTeX Font Info:    Checking defaults for OMX/cmex/m/n on input line 131.
LaTeX Font Info:    ... okay on input line 131.
LaTeX Font Info:    Checking defaults for U/cmr/m/n on input line 131.
LaTeX Font Info:    ... okay on input line 131.
LaTeX Font Info:    Checking defaults for JY1/mc/m/n on input line 131.
LaTeX Font Info:    ... okay on input line 131.
LaTeX Font Info:    Checking defaults for JT1/mc/m/n on input line 131.
LaTeX Font Info:    ... okay on input line 131.
LaTeX Font Info:    Font shape `JT1/mc/bx/n' in size <20.74> not available
(Font)              Font shape `JT1/gt/m/n' tried instead on input line 136.
LaTeX Font Info:    Font shape `JY1/mc/bx/n' in size <20.74> not available
(Font)              Font shape `JY1/gt/m/n' tried instead on input line 136.
LaTeX Font Info:    Try loading font information for U+msa on input line 136.

(c:/texlive/2011/texmf-dist/tex/latex/amsfonts/umsa.fd
File: umsa.fd 2009/06/22 v3.00 AMS symbols A
)
LaTeX Font Info:    Try loading font information for U+msb on input line 136.

(c:/texlive/2011/texmf-dist/tex/latex/amsfonts/umsb.fd
File: umsb.fd 2009/06/22 v3.00 AMS symbols B
)
LaTeX Font Info:    Font shape `JT1/mc/bx/n' in size <17.28> not available
(Font)              Font shape `JT1/gt/m/n' tried instead on input line 137.
LaTeX Font Info:    Font shape `JY1/mc/bx/n' in size <17.28> not available
(Font)              Font shape `JY1/gt/m/n' tried instead on input line 137.

(./cluster_algebra_rank2.toc
LaTeX Font Info:    Font shape `JT1/mc/bx/n' in size <12> not available
(Font)              Font shape `JT1/gt/m/n' tried instead on input line 1.
LaTeX Font Info:    Font shape `JY1/mc/bx/n' in size <12> not available
(Font)              Font shape `JY1/gt/m/n' tried instead on input line 1.
 [1

])
\tf@toc=\write3
\openout3 = `cluster_algebra_rank2.toc'.

LaTeX Font Info:    Try loading font information for OMS+cmr on input line 147.


(c:/texlive/2011/texmf-dist/tex/latex/base/omscmr.fd
File: omscmr.fd 1999/05/25 v2.5h Standard LaTeX font definitions
)
LaTeX Font Info:    Font shape `OMS/cmr/m/n' in size <12> not available
(Font)              Font shape `OMS/cmsy/m/n' tried instead on input line 147.
 [2]
Overfull \hbox (10.71274pt too wide) in paragraph at lines 266--272
[]\JY1/mc/m/n/12 第 \OT1/cmr/m/n/12 2 \JY1/mc/m/n/12 節ではランク \OT1/cmr/m/n/
12 2 \JY1/mc/m/n/12 のクラスタ ー代数における \OT1/cmr/m/n/12 Lau-rent \JY1/mc/
m/n/12 現象を証明する\OT1/cmr/m/n/12 . \JY1/mc/m/n/12 証明は \OT1/cmr/m/n/12 Be
renstein-
 []

[3]
LaTeX Font Info:    Font shape `JT1/mc/bx/n' in size <10> not available
(Font)              Font shape `JT1/gt/m/n' tried instead on input line 310.
LaTeX Font Info:    Font shape `JY1/mc/bx/n' in size <10> not available
(Font)              Font shape `JY1/gt/m/n' tried instead on input line 310.


LaTeX Warning: Reference `secA(1)1' on page 4 undefined on input line 310.

LaTeX Font Info:    Font shape `JT1/mc/bx/n' in size <14.4> not available
(Font)              Font shape `JT1/gt/m/n' tried instead on input line 326.
LaTeX Font Info:    Font shape `JY1/mc/bx/n' in size <14.4> not available
(Font)              Font shape `JY1/gt/m/n' tried instead on input line 326.
[4] [5] [6] [7] [8]
Overfull \hbox (15.44832pt too wide) in paragraph at lines 810--814
[]$\OMS/cmsy/m/n/12 L\OT1/cmr/m/n/12 (\OML/cmm/m/it/12 ^^V[]\OT1/cmr/m/n/12 (^^
F)) = \OMS/cmsy/m/n/12 L\OT1/cmr/m/n/12 (^^F)$ \JY1/mc/m/n/12 を示せば十分であ
る\OT1/cmr/m/n/12 . $\OMS/cmsy/m/n/12 L\OT1/cmr/m/n/12 (^^F) = \U/msb/m/n/12 Z\
OT1/cmr/m/n/12 [\OML/cmm/m/it/12 x; x[]; y; y[]\OT1/cmr/m/n/12 ]$, $\OMS/cmsy/m
/n/12 L\OT1/cmr/m/n/12 (\OML/cmm/m/it/12 ^^V[]\OT1/cmr/m/n/12 (^^F)) = \U/msb/m
/n/12 Z\OT1/cmr/m/n/12 [\OML/cmm/m/it/12 x; x[]; y[]; y[]\OT1/cmr/m/n/12 ]$
 []

[9] [10] [11] [12] [13] [14] [15]
Overfull \hbox (25.0621pt too wide) in paragraph at lines 1430--1430
[] 
 []

[16] [17]
Overfull \hbox (2.70909pt too wide) in paragraph at lines 1592--1595
[]\JY1/mc/m/n/12 たとえば $\OML/cmm/m/it/12 x$\OT1/cmr/m/n/12 , $\OML/cmm/m/it/
12 y$ \JY1/mc/m/n/12 の分母はそれぞれ $\OML/cmm/m/it/12 x[]$\OT1/cmr/m/n/12 , $
\OML/cmm/m/it/12 y[]$ \JY1/mc/m/n/12 であるから\OT1/cmr/m/n/12 , $\OML/cmm/m/it
/12 x[] \OT1/cmr/m/n/12 = \OML/cmm/m/it/12 x$\OT1/cmr/m/n/12 , $\OML/cmm/m/it/1
2 x[] \OT1/cmr/m/n/12 = \OML/cmm/m/it/12 y$ \JY1/mc/m/n/12 より $\OT1/cmr/m/n/1
2 (\OML/cmm/m/it/12 d[]\OT1/cmr/m/n/12 (1)\OML/cmm/m/it/12 ; d[]\OT1/cmr/m/n/12
 (1)) =
 []

[18] [19] [20] [21] [22] [23] [24]
Underfull \hbox (badness 1803) in paragraph at lines 2181--2185
\OT1/cmr/m/n/12 of quiver rep-re-sen-ta-tions. Com-ment. Math. Helv. 81 (2006),
 no. 3, 595--616.
 []


Underfull \hbox (badness 1152) in paragraph at lines 2193--2197
\OT1/cmr/m/n/12 ter al-ge-bras II. Ann. Sci. []Ecole Norm. Sup. (4) 39 (2006), 
no. 6, 983--1009.
 []

[25]
Overfull \hbox (11.05336pt too wide) in paragraph at lines 2263--2268
[]\JY1/mc/m/n/12 テキスト\OT1/cmr/m/n/12 : \OT1/cmtt/m/n/12 http://www.kurims.k
yoto-u.ac.jp/~kenkyubu/kokai-koza/nakajima.pdf 
 []

[26] (./cluster_algebra_rank2.aux)

LaTeX Warning: There were undefined references.

 ) 
Here is how much of TeX's memory you used:
 1475 strings out of 494060
 16123 string characters out of 3159084
 76217 words of memory out of 3000000
 4921 multiletter control sequences out of 15000+200000
 23910 words of font info for 96 fonts, out of 3000000 for 9000
 745 hyphenation exceptions out of 8191
 27i,19n,24p,573b,322s stack positions out of 5000i,500n,10000p,200000b,50000s

Output written on cluster_algebra_rank2.dvi (26 pages, 141708 bytes).
